<?xml version="1.0" encoding="UTF-8"?>
<testng-results ignored="0" total="1" passed="0" failed="1" skipped="0">
  <reporter-output>
  </reporter-output>
  <suite started-at="2023-12-29T12:26:00 IST" name="Default suite" finished-at="2023-12-29T12:26:30 IST" duration-ms="30339">
    <groups>
      <group name="cucumber">
        <method signature="AbstractTestNGCucumberTests.runScenario(io.cucumber.testng.PickleWrapper,io.cucumber.testng.FeatureWrapper)[pri:0, instance:com.charlies.Tests.TestRunner@5965d37]" name="runScenario" class="io.cucumber.testng.AbstractTestNGCucumberTests"/>
      </group> <!-- cucumber -->
    </groups>
    <test started-at="2023-12-29T12:26:00 IST" name="Default test" finished-at="2023-12-29T12:26:30 IST" duration-ms="30339">
      <class name="com.charlies.Tests.TestRunner">
        <test-method is-config="true" signature="setUpClass(org.testng.ITestContext)[pri:0, instance:com.charlies.Tests.TestRunner@5965d37]" started-at="2023-12-29T12:26:00 IST" name="setUpClass" finished-at="2023-12-29T12:26:02 IST" duration-ms="1767" status="PASS">
          <params>
            <param index="0">
              <value>
                <![CDATA[org.testng.TestRunner@6f9c5048]]>
              </value>
            </param>
          </params>
          <reporter-output>
          </reporter-output>
        </test-method> <!-- setUpClass -->
        <test-method signature="runScenario(io.cucumber.testng.PickleWrapper,io.cucumber.testng.FeatureWrapper)[pri:0, instance:com.charlies.Tests.TestRunner@5965d37]" started-at="2023-12-29T12:26:02 IST" name="runScenario" description="Runs Cucumber Scenarios" data-provider="scenarios" finished-at="2023-12-29T12:26:30 IST" duration-ms="28219" status="FAIL">
          <params>
            <param index="0">
              <value>
                <![CDATA["Verify user is able to sort product by highToLow option"]]>
              </value>
            </param>
            <param index="1">
              <value>
                <![CDATA["Features to verify all the myntra product search result page related functionalities"]]>
              </value>
            </param>
          </params>
          <exception class="java.lang.AssertionError">
            <message>
              <![CDATA[The following asserts failed:
expected [true] but found [false],
expected [true] but found [false],
expected [true] but found [false]]]>
            </message>
            <full-stacktrace>
              <![CDATA[java.lang.AssertionError: The following asserts failed:
expected [true] but found [false],
expected [true] but found [false],
expected [true] but found [false]
at org.testng.asserts.SoftAssert.assertAll(SoftAssert.java:46)
at org.testng.asserts.SoftAssert.assertAll(SoftAssert.java:30)
at com.charlies.pages.SearchResultPage.verifyProductPriceBetweenHighToLow(SearchResultPage.java:151)
at com.charlies.stepdefinations.ProductSearchResultPageSteps.on_product_search_result_page_user_should_sort_product_by_high_to_low_price(ProductSearchResultPageSteps.java:36)
at ✽.On product search result page user should sort product by high to low price.(file:///C:/Users/user/eclipse-workspace/CharliesAngelsAutoDesign/src/test/resources/Features/ProductSearchResultPage.feature:7)
]]>
            </full-stacktrace>
          </exception> <!-- java.lang.AssertionError -->
          <reporter-output>
          </reporter-output>
        </test-method> <!-- runScenario -->
        <test-method is-config="true" signature="tearDownClass()[pri:0, instance:com.charlies.Tests.TestRunner@5965d37]" started-at="2023-12-29T12:26:30 IST" name="tearDownClass" finished-at="2023-12-29T12:26:30 IST" duration-ms="28" status="PASS">
          <reporter-output>
          </reporter-output>
        </test-method> <!-- tearDownClass -->
      </class> <!-- com.charlies.Tests.TestRunner -->
    </test> <!-- Default test -->
  </suite> <!-- Default suite -->
</testng-results>
