<?xml version="1.0" encoding="UTF-8"?>
<!-- Generated by org.testng.reporters.JUnitReportReporter -->
<testsuite hostname="DESKTOP-1FRBMT8" failures="1" tests="1" name="com.charlies.Tests.TestRunner" time="28.219" errors="0" timestamp="2023-12-29T12:26:32 IST" skipped="0">
  <testcase classname="com.charlies.Tests.TestRunner" name="runScenario" time="28.219">
    <failure message="The following asserts failed:
	expected [true] but found [false],
	expected [true] but found [false],
	expected [true] but found [false]" type="java.lang.AssertionError">
      <![CDATA[java.lang.AssertionError: The following asserts failed:
expected [true] but found [false],
expected [true] but found [false],
expected [true] but found [false]
at org.testng.asserts.SoftAssert.assertAll(SoftAssert.java:46)
at org.testng.asserts.SoftAssert.assertAll(SoftAssert.java:30)
at com.charlies.pages.SearchResultPage.verifyProductPriceBetweenHighToLow(SearchResultPage.java:151)
at com.charlies.stepdefinations.ProductSearchResultPageSteps.on_product_search_result_page_user_should_sort_product_by_high_to_low_price(ProductSearchResultPageSteps.java:36)
at ✽.On product search result page user should sort product by high to low price.(file:///C:/Users/user/eclipse-workspace/CharliesAngelsAutoDesign/src/test/resources/Features/ProductSearchResultPage.feature:7)
]]>
    </failure>
  </testcase> <!-- runScenario -->
</testsuite> <!-- com.charlies.Tests.TestRunner -->
